生成启动时间为 15/6/30 下午2:23:50。
     1>项目“\\psf\Home\GIT\MyTELNET\MyServer\MyServer.vcxproj”在节点 2 上(Rebuild 个目标)。
     1>ClCompile:
         C:\Program Files (x86)\Microsoft Visual Studio 14.0\VC\bin\CL.exe /c /ZI /nologo /W3 /WX- /Od /Oy- /D WIN32 /D _DEBUG /D _CONSOLE /D _UNICODE /D UNICODE /Gm /EHsc /RTC1 /MDd /GS /fp:precise /Zc:wchar_t /Zc:forScope /Zc:inline /Fo"Debug\\" /Fd"Debug\vc140.pdb" /Gd /TP /analyze- /errorReport:prompt MyServer.cpp Server.cpp stdafx.cpp
         stdafx.cpp
         Server.cpp
     1>\\psf\home\git\mytelnet\myserver\server.cpp(11): warning C4305: “=”: 从“Command”到“char”截断
     1>\\psf\home\git\mytelnet\myserver\server.cpp(11): warning C4309: “=”: 截断常量值
     1>\\psf\home\git\mytelnet\myserver\server.cpp(12): warning C4305: “=”: 从“Command”到“char”截断
     1>\\psf\home\git\mytelnet\myserver\server.cpp(12): warning C4309: “=”: 截断常量值
     1>\\psf\home\git\mytelnet\myserver\server.cpp(14): warning C4305: “=”: 从“Command”到“char”截断
     1>\\psf\home\git\mytelnet\myserver\server.cpp(14): warning C4309: “=”: 截断常量值
     1>\\psf\home\git\mytelnet\myserver\server.cpp(15): warning C4305: “=”: 从“Command”到“char”截断
     1>\\psf\home\git\mytelnet\myserver\server.cpp(15): warning C4309: “=”: 截断常量值
     1>\\psf\home\git\mytelnet\myserver\server.cpp(29): warning C4996: 'fopen': This function or variable may be unsafe. Consider using fopen_s instead. To disable deprecation, use _CRT_SECURE_NO_WARNINGS. See online help for details.
         c:\program files (x86)\windows kits\10\include\10.0.10056.0\ucrt\stdio.h(205): note: 参见“fopen”的声明
     1>\\psf\home\git\mytelnet\myserver\server.cpp(34): warning C4996: 'localtime': This function or variable may be unsafe. Consider using localtime_s instead. To disable deprecation, use _CRT_SECURE_NO_WARNINGS. See online help for details.
         c:\program files (x86)\windows kits\10\include\10.0.10056.0\ucrt\time.h(505): note: 参见“localtime”的声明
     1>\\psf\home\git\mytelnet\myserver\server.cpp(62): warning C4996: 'itoa': The POSIX name for this item is deprecated. Instead, use the ISO C and C++ conformant name: _itoa. See online help for details.
         c:\program files (x86)\windows kits\10\include\10.0.10056.0\ucrt\stdlib.h(1318): note: 参见“itoa”的声明
     1>\\psf\home\git\mytelnet\myserver\server.cpp(97): warning C4996: 'itoa': The POSIX name for this item is deprecated. Instead, use the ISO C and C++ conformant name: _itoa. See online help for details.
         c:\program files (x86)\windows kits\10\include\10.0.10056.0\ucrt\stdlib.h(1318): note: 参见“itoa”的声明
     1>\\psf\home\git\mytelnet\myserver\server.cpp(116): warning C4996: 'itoa': The POSIX name for this item is deprecated. Instead, use the ISO C and C++ conformant name: _itoa. See online help for details.
         c:\program files (x86)\windows kits\10\include\10.0.10056.0\ucrt\stdlib.h(1318): note: 参见“itoa”的声明
     1>\\psf\home\git\mytelnet\myserver\server.cpp(152): warning C4305: “=”: 从“Command”到“char”截断
     1>\\psf\home\git\mytelnet\myserver\server.cpp(152): warning C4309: “=”: 截断常量值
     1>\\psf\home\git\mytelnet\myserver\server.cpp(161): warning C4305: “=”: 从“Command”到“char”截断
     1>\\psf\home\git\mytelnet\myserver\server.cpp(161): warning C4309: “=”: 截断常量值
     1>\\psf\home\git\mytelnet\myserver\server.cpp(165): warning C4305: “=”: 从“Command”到“char”截断
     1>\\psf\home\git\mytelnet\myserver\server.cpp(165): warning C4309: “=”: 截断常量值
     1>\\psf\home\git\mytelnet\myserver\server.cpp(168): warning C4305: “=”: 从“Command”到“char”截断
     1>\\psf\home\git\mytelnet\myserver\server.cpp(168): warning C4309: “=”: 截断常量值
     1>\\psf\home\git\mytelnet\myserver\server.cpp(171): warning C4305: “=”: 从“Command”到“char”截断
     1>\\psf\home\git\mytelnet\myserver\server.cpp(171): warning C4309: “=”: 截断常量值
     1>\\psf\home\git\mytelnet\myserver\server.cpp(174): warning C4305: “=”: 从“Command”到“char”截断
     1>\\psf\home\git\mytelnet\myserver\server.cpp(174): warning C4309: “=”: 截断常量值
     1>\\psf\home\git\mytelnet\myserver\server.cpp(192): warning C4305: “=”: 从“Command”到“char”截断
     1>\\psf\home\git\mytelnet\myserver\server.cpp(192): warning C4309: “=”: 截断常量值
     1>\\psf\home\git\mytelnet\myserver\server.cpp(193): warning C4305: “=”: 从“Command”到“char”截断
     1>\\psf\home\git\mytelnet\myserver\server.cpp(193): warning C4309: “=”: 截断常量值
     1>\\psf\home\git\mytelnet\myserver\server.cpp(196): warning C4305: “=”: 从“Command”到“char”截断
     1>\\psf\home\git\mytelnet\myserver\server.cpp(196): warning C4309: “=”: 截断常量值
     1>\\psf\home\git\mytelnet\myserver\server.cpp(197): warning C4305: “=”: 从“Command”到“char”截断
     1>\\psf\home\git\mytelnet\myserver\server.cpp(197): warning C4309: “=”: 截断常量值
     1>\\psf\home\git\mytelnet\myserver\server.cpp(230): warning C4267: “+=”: 从“size_t”转换到“char”，可能丢失数据
     1>\\psf\home\git\mytelnet\myserver\server.cpp(229): warning C4996: 'strcpy': This function or variable may be unsafe. Consider using strcpy_s instead. To disable deprecation, use _CRT_SECURE_NO_WARNINGS. See online help for details.
         c:\program files (x86)\windows kits\10\include\10.0.10056.0\ucrt\string.h(119): note: 参见“strcpy”的声明
     1>\\psf\home\git\mytelnet\myserver\server.cpp(164): warning C4102: “WILL”: 未引用的标签
     1>\\psf\home\git\mytelnet\myserver\server.cpp(167): warning C4102: “WONT”: 未引用的标签
     1>\\psf\home\git\mytelnet\myserver\server.cpp(170): warning C4102: “DO”: 未引用的标签
     1>\\psf\home\git\mytelnet\myserver\server.cpp(173): warning C4102: “DONT”: 未引用的标签
         MyServer.cpp
         正在生成代码...
       Link:
         C:\Program Files (x86)\Microsoft Visual Studio 14.0\VC\bin\link.exe /ERRORREPORT:PROMPT /OUT:"\\psf\Home\GIT\MyTELNET\Debug\MyServer.exe" /INCREMENTAL /NOLOGO kernel32.lib user32.lib gdi32.lib winspool.lib comdlg32.lib advapi32.lib shell32.lib ole32.lib oleaut32.lib uuid.lib odbc32.lib odbccp32.lib /MANIFEST /MANIFESTUAC:"level='asInvoker' uiAccess='false'" /manifest:embed /Debug /PDB:"\\psf\Home\GIT\MyTELNET\Debug\MyServer.pdb" /SUBSYSTEM:CONSOLE /TLBID:1 /DYNAMICBASE /NXCOMPAT /IMPLIB:"\\psf\Home\GIT\MyTELNET\Debug\MyServer.lib" /MACHINE:X86 Debug\MyServer.obj
         Debug\Server.obj
         Debug\stdafx.obj
         MyServer.vcxproj -> \\psf\Home\GIT\MyTELNET\Debug\MyServer.exe
     1>已完成生成项目“\\psf\Home\GIT\MyTELNET\MyServer\MyServer.vcxproj”(Rebuild 个目标)的操作。

生成成功。

已用时间 00:00:03.16
